<?xml version="1.0" encoding="UTF-8"?>
<!-- Generated by org.testng.reporters.JUnitXMLReporter -->
<testsuite ignored="4" hostname="DESKTOP-1LMQCQQ" failures="0" tests="6" name="skTest" time="0.484" errors="0" timestamp="2022-07-26T19:03:49 IST">
  <testcase classname="testngXMLStudy.Test2" name="f" time="0.125"/>
  <testcase classname="testngXMLStudy.Test2" name="h" time="0.021"/>
  <testcase classname="testngXMLStudy.Test2" name="j" time="0.006"/>
  <testcase classname="testngXMLStudy.Test1" name="b" time="0.009"/>
  <testcase classname="testngXMLStudy.Test1" name="c" time="0.012"/>
  <testcase classname="testngXMLStudy.Test1" name="e" time="0.018"/>
  <testcase classname="testngXMLStudy.Test2" name="i" time="0.0">
    <ignored/>
  </testcase> <!-- i -->
  <testcase classname="testngXMLStudy.Test2" name="g" time="0.0">
    <ignored/>
  </testcase> <!-- g -->
  <testcase classname="testngXMLStudy.Test1" name="d" time="0.0">
    <ignored/>
  </testcase> <!-- d -->
  <testcase classname="testngXMLStudy.Test1" name="a" time="0.0">
    <ignored/>
  </testcase> <!-- a -->
</testsuite> <!-- skTest -->
