<?xml version="1.0" encoding="UTF-8"?>
<!-- Generated by org.testng.reporters.JUnitXMLReporter -->
<testsuite ignored="0" hostname="DESKTOP-1LMQCQQ" failures="1" tests="2" name="Test" time="0.191" errors="0" timestamp="2022-08-05T00:13:40 IST">
  <testcase classname="listnersnew.Demo1" name="a" time="0.024">
    <failure type="java.lang.AssertionError" message="null">
      <![CDATA[java.lang.AssertionError: null
at listnersnew.Demo1.a(Demo1.java:11)
at java.base/java.util.ArrayList.forEach(ArrayList.java:1511)
... Removed 27 stack frames]]>
    </failure>
  </testcase> <!-- a -->
  <testcase classname="listnersnew.Demo2" name="b" time="0.003"/>
</testsuite> <!-- Test -->
